  SpeechManager.cpp
D:\Project\C\C++\演讲比赛流程管理系统\SpeechManager.cpp(50,20): warning C4018: “<”: 有符号/无符号不匹配
D:\Microsoft Visual Studio\2022\Community\VC\Tools\MSVC\14.33.31629\include\numeric(34,26): warning C4244: “=”: 从“double”转换到“_Ty”，可能丢失数据
          with
          [
              _Ty=int
          ]
D:\Microsoft Visual Studio\2022\Community\VC\Tools\MSVC\14.33.31629\include\numeric(41): message : 查看对正在编译的函数 模板 实例化“_Ty std::accumulate<_InIt,_Ty,std::plus<void>>(const _InIt,const _InIt,_Ty,_Fn)”的引用
          with
          [
              _Ty=int,
              _InIt=std::_Deque_iterator<std::_Deque_val<std::_Deque_simple_types<double>>>,
              _Fn=std::plus<void>
          ]
D:\Project\C\C++\演讲比赛流程管理系统\SpeechManager.cpp(175): message : 查看对正在编译的函数 模板 实例化“_Ty std::accumulate<std::_Deque_iterator<std::_Deque_val<std::_Deque_simple_types<double>>>,int>(const _InIt,const _InIt,_Ty)”的引用
          with
          [
              _Ty=int,
              _InIt=std::_Deque_iterator<std::_Deque_val<std::_Deque_simple_types<double>>>
          ]
  演讲比赛流程管理系统.cpp
  正在生成代码...
  演讲比赛流程管理系统.vcxproj -> D:\Project\C\C++\演讲比赛流程管理系统\Debug\演讲比赛流程管理系统.exe
